<?xml version="1.0" encoding="UTF-8"?>
<!-- Generated by org.testng.reporters.JUnitReportReporter -->
<testsuite hostname="Max-PC" failures="0" tests="1" name="com.rutkouski.infohandling.reader.impl.CustomFileReaderImplTest" time="0.016" errors="0" timestamp="2021-11-06T08:23:33 EET" skipped="0">
  <testcase classname="com.rutkouski.infohandling.reader.impl.CustomFileReaderImplTest" name="readTextTest" time="0.016"/>
  <system-out/>
</testsuite> <!-- com.rutkouski.infohandling.reader.impl.CustomFileReaderImplTest -->
