<?xml version="1.0" encoding="UTF-8"?>
<!-- Generated by org.testng.reporters.JUnitReportReporter -->
<testsuite hostname="Max-PC" failures="0" tests="1" name="com.rutkouski.infohandling.reader.impl.CustomFileReaderImplTest" time="0.023" errors="0" timestamp="2021-11-21T20:37:50 EET" skipped="0">
  <testcase classname="com.rutkouski.infohandling.reader.impl.CustomFileReaderImplTest" name="CustomFileReaderNotExistsTest" time="0.023"/>
  <system-out/>
</testsuite> <!-- com.rutkouski.infohandling.reader.impl.CustomFileReaderImplTest -->
