<?xml version="1.0" encoding="UTF-8"?>
<!-- Generated by org.testng.reporters.JUnitReportReporter -->
<testsuite hostname="Max-PC" failures="0" tests="1" name="com.rutkouski.infohandling.action.impl.TextCompositeActionImplTest" time="0.055" errors="0" timestamp="2021-11-21T21:53:52 EET" skipped="0">
  <testcase classname="com.rutkouski.infohandling.action.impl.TextCompositeActionImplTest" name="findCountIdenticalWordsTest" time="0.055"/>
  <system-out/>
</testsuite> <!-- com.rutkouski.infohandling.action.impl.TextCompositeActionImplTest -->
